<?xml version="1.0" encoding="UTF-8"?>
<!-- Generated by org.testng.reporters.JUnitReportReporter -->
<testsuite hostname="DESKTOP-FODCQ2C" failures="0" tests="1" name="com.crm.ProjectOOPS.CreateEditDeleteProjectOoops" time="23.573" errors="0" timestamp="2023-02-07T11:52:04 IST" skipped="0">
  <testcase classname="com.crm.ProjectOOPS.CreateEditDeleteProjectOoops" name="createEditDeleteProjectOoops" time="23.573"/>
  <system-out>
    <![CDATA[project oops is created
ProjectName is successfully edited
Project is successfully deleted]]>
  </system-out>
</testsuite> <!-- com.crm.ProjectOOPS.CreateEditDeleteProjectOoops -->
